---
title: "Debugging and Optimizing Slow SQL Queries"
description: "A guide to identifying and optimizing slow queries"
date: "2024-02-25"
published: true
---

Introduction:

Slow SQL queries can significantly impact the performance and responsiveness of database-driven applications. Efficiently debugging and optimizing these queries is crucial for maintaining application performance. This document outlines a systematic approach to identify, analyze, and optimize slow SQL queries.

## Identifying Slow Queries

1. Utilize database performance monitoring tools such as MySQL's Slow Query Log, PostgreSQL's pg_stat_statements, MySQL Workbench's Performance Dashboard or SQL Server's Query Store to identify slow queries.
2. Use profiling tools like EXPLAIN ANALYZE or SET STATISTICS TIME to gather execution plans and understand query performance.
3. Regularly analyze database logs to identify queries that exceed acceptable execution time thresholds.

## Analyzing Query Performance

1. Examine the execution plan to understand how the database engine executes the query. Look for:

- Full table scans
- Index scans
- Join methods
- Sorting and filtering operations

2. Ensure that the query leverages existing indexes. Lack of index usage can lead to full table scans, significantly slowing down query performance.
3. Analyze the distribution of data within the table. Skewed data distribution can affect the efficiency of indexing and query performance.

## Common Optimization Techniques

1. Index Optimization:

- Identify columns used in WHERE, JOIN, and ORDER BY clauses that lack indexes.
- Unused indexes add overhead to data modification operations.
- Use composite indexes for queries filtering on multiple columns.

2. Query Refactoring:
   - Specify only the required columns in the SELECT statement to reduce I/O overhead.
   - Ensure that joins are performed on indexed columns. Avoid unnecessary joins and consider using EXISTS instead of IN for subqueries.
   - Apply WHERE conditions as early as possible to minimize the number of rows processed.
   - Normalize tables to reduce redundancy and improve data integrity. Denormalize only when necessary for performance optimization.
   - Implement caching mechanisms for frequently accessed data to reduce the load on the database.
   - Process data in batches instead of one row at a time to reduce the number of transactions and improve throughput.

## Case Study: Optimizing a Slow Query

Consider a query that retrieves employee details for a specific department and sorts them by salary:

```
SELECT employee_id, first_name, last_name, salary
FROM employees
WHERE department_id = 5
ORDER BY salary DESC;
```

# Step 1: Analyze the Execution Plan

Using EXPLAIN, we see that the query performs a full table scan and see no possible keys are found:

```
+----+-------------+-----------+------------+------+------------------+------------------+---------+-------+------+----------+-----------------------------+
| id | select_type | table     | partitions | type | possible_keys    | key              | key_len | ref   | rows | filtered | Extra                       |
+----+-------------+-----------+------------+------+------------------+------------------+---------+-------+------+----------+-----------------------------+
|  1 | SIMPLE      | employees | NULL       | ref  | null | null | 5       | const |  10  |   100.00 | Using where; Using filesort |
+----+-------------+-----------+------------+------+------------------+------------------+---------+-------+------+----------+-----------------------------+

```

Using EXPLAIN ANALYZE we may see something like this:

```
-> Limit: 200 row(s)  (cost=19.2 rows=190) (actual time=0.146..0.154 rows=38 loops=1)
    -> Sort: employees.salary DESC, limit input to 200 row(s) per chunk  (cost=19.2 rows=190) (actual time=0.131..0.135 rows=38 loops=1)
        -> Filter: (employees.department_id = 5)  (cost=19.2 rows=190) (actual time=0.0454..0.108 rows=38 loops=1)
            -> Table scan on employees  (cost=19.2 rows=190) (actual time=0.0426..0.0932 rows=190 loops=1)

```

## Step 2: Create Appropriate Indexes

Using the information above we might want to create an index on the `department_id` and `salary` columns:
`CREATE INDEX idx_department_salary ON employees(department_id, salary);`

## Step 3: Verify Index Usage

Run the EXPLAIN plan again to verify that the new index is being used:

```
+----+-------------+-----------+------------+------+------------------+------------------+---------+-------+------+----------+-----------------------------+
| id | select_type | table     | partitions | type | possible_keys    | key              | key_len | ref   | rows | filtered | Extra                       |
+----+-------------+-----------+------------+------+------------------+------------------+---------+-------+------+----------+-----------------------------+
|  1 | SIMPLE      | employees | NULL       | ref  | idx_department_salary | idx_department_salary | 5       | const |  38  |   100.00 | Backward index scan|
+----+-------------+-----------+------------+------+------------------+------------------+---------+-------+------+----------+-----------------------------+
```

Run the EXPLAIN ANALYZE plan again to verify the new index is working"

```
-> Limit: 200 row(s)  (cost=4.55 rows=38) (actual time=0.0952..0.154 rows=38 loops=1)
    -> Index lookup on employees using idx_department_salary (department_id=5) (reverse)  (cost=4.55 rows=38) (actual time=0.0695..0.125 rows=38 loops=1)
```

We can see that the query is now using the new index and the performance has improved.
